{"message":"::1 - - [16/Mar/2019:03:26:54 +0000] \"GET /api/getAllTheaters HTTP/1.1\" 400 2500 \"-\" \"PostmanRuntime/7.6.1\"\n","level":"info"}
{"message":"::1 - - [16/Mar/2019:03:27:15 +0000] \"GET /api/getAllTheaters HTTP/1.1\" 400 - \"-\" \"Mozilla/5.0 (Windows NT 10.0; Win64; x64) AppleWebKit/537.36 (KHTML, like Gecko) Chrome/72.0.3626.121 Safari/537.36\"\n","level":"info"}
{"message":"::1 - - [16/Mar/2019:03:27:16 +0000] \"GET /favicon.ico HTTP/1.1\" 404 150 \"http://localhost:3001/api/getAllTheaters\" \"Mozilla/5.0 (Windows NT 10.0; Win64; x64) AppleWebKit/537.36 (KHTML, like Gecko) Chrome/72.0.3626.121 Safari/537.36\"\n","level":"info"}
{"message":"::1 - - [16/Mar/2019:03:28:08 +0000] \"GET /api/getAllTheaters HTTP/1.1\" 200 2500 \"-\" \"PostmanRuntime/7.6.1\"\n","level":"info"}
{"message":"::1 - - [16/Mar/2019:03:31:48 +0000] \"GET /api/getAllActiveMovieInfo HTTP/1.1\" 304 - \"http://localhost:3000/\" \"Mozilla/5.0 (Windows NT 10.0; Win64; x64) AppleWebKit/537.36 (KHTML, like Gecko) Chrome/72.0.3626.121 Safari/537.36\"\n","level":"info"}
{"message":"::1 - - [16/Mar/2019:03:32:02 +0000] \"GET /api/getAllTheaters HTTP/1.1\" 304 - \"http://localhost:3000/admin/createevent\" \"Mozilla/5.0 (Windows NT 10.0; Win64; x64) AppleWebKit/537.36 (KHTML, like Gecko) Chrome/72.0.3626.121 Safari/537.36\"\n","level":"info"}
{"message":"::1 - - [16/Mar/2019:03:32:02 +0000] \"GET /api/getAllShowDetails HTTP/1.1\" 200 3422 \"http://localhost:3000/admin/createevent\" \"Mozilla/5.0 (Windows NT 10.0; Win64; x64) AppleWebKit/537.36 (KHTML, like Gecko) Chrome/72.0.3626.121 Safari/537.36\"\n","level":"info"}
{"message":"::1 - - [16/Mar/2019:03:32:04 +0000] \"GET /api/getAllTheaters HTTP/1.1\" 304 - \"http://localhost:3000/listoftheaters\" \"Mozilla/5.0 (Windows NT 10.0; Win64; x64) AppleWebKit/537.36 (KHTML, like Gecko) Chrome/72.0.3626.121 Safari/537.36\"\n","level":"info"}
{"message":"::1 - - [16/Mar/2019:03:32:06 +0000] \"GET /api/getAllMovieInfo HTTP/1.1\" 200 11726546 \"http://localhost:3000/admin/createevent\" \"Mozilla/5.0 (Windows NT 10.0; Win64; x64) AppleWebKit/537.36 (KHTML, like Gecko) Chrome/72.0.3626.121 Safari/537.36\"\n","level":"info"}
{"message":"::1 - - [16/Mar/2019:03:32:48 +0000] \"GET /api/getAllTheaters HTTP/1.1\" 304 - \"http://localhost:3000/listoftheaters\" \"Mozilla/5.0 (Windows NT 10.0; Win64; x64) AppleWebKit/537.36 (KHTML, like Gecko) Chrome/72.0.3626.121 Safari/537.36\"\n","level":"info"}
{"message":"::1 - - [16/Mar/2019:03:32:57 +0000] \"GET /api/getAllTheaters HTTP/1.1\" 304 - \"http://localhost:3000/admin/createevent\" \"Mozilla/5.0 (Windows NT 10.0; Win64; x64) AppleWebKit/537.36 (KHTML, like Gecko) Chrome/72.0.3626.121 Safari/537.36\"\n","level":"info"}
{"message":"::1 - - [16/Mar/2019:03:32:57 +0000] \"GET /api/getAllShowDetails HTTP/1.1\" 304 - \"http://localhost:3000/admin/createevent\" \"Mozilla/5.0 (Windows NT 10.0; Win64; x64) AppleWebKit/537.36 (KHTML, like Gecko) Chrome/72.0.3626.121 Safari/537.36\"\n","level":"info"}
{"message":"::1 - - [16/Mar/2019:03:32:59 +0000] \"GET /api/getAllTheaters HTTP/1.1\" 304 - \"http://localhost:3000/listoftheaters\" \"Mozilla/5.0 (Windows NT 10.0; Win64; x64) AppleWebKit/537.36 (KHTML, like Gecko) Chrome/72.0.3626.121 Safari/537.36\"\n","level":"info"}
{"message":"::1 - - [16/Mar/2019:03:33:00 +0000] \"GET /api/getAllMovieInfo HTTP/1.1\" 304 - \"http://localhost:3000/admin/createevent\" \"Mozilla/5.0 (Windows NT 10.0; Win64; x64) AppleWebKit/537.36 (KHTML, like Gecko) Chrome/72.0.3626.121 Safari/537.36\"\n","level":"info"}
{"message":"::1 - - [16/Mar/2019:03:35:14 +0000] \"GET /api/getAllTheaters HTTP/1.1\" 304 - \"http://localhost:3000/listoftheaters\" \"Mozilla/5.0 (Windows NT 10.0; Win64; x64) AppleWebKit/537.36 (KHTML, like Gecko) Chrome/72.0.3626.121 Safari/537.36\"\n","level":"info"}
{"message":"::1 - - [16/Mar/2019:03:36:15 +0000] \"GET /api/getAllTheaters HTTP/1.1\" 304 - \"-\" \"Mozilla/5.0 (Windows NT 10.0; Win64; x64) AppleWebKit/537.36 (KHTML, like Gecko) Chrome/72.0.3626.121 Safari/537.36\"\n","level":"info"}
{"message":"::1 - - [16/Mar/2019:03:36:43 +0000] \"GET /api/getAllTheaters HTTP/1.1\" 304 - \"-\" \"Mozilla/5.0 (Windows NT 10.0; Win64; x64) AppleWebKit/537.36 (KHTML, like Gecko) Chrome/72.0.3626.121 Safari/537.36\"\n","level":"info"}
{"message":"::1 - - [16/Mar/2019:03:36:46 +0000] \"GET /api/getAllTheaters HTTP/1.1\" 304 - \"-\" \"Mozilla/5.0 (Windows NT 10.0; Win64; x64) AppleWebKit/537.36 (KHTML, like Gecko) Chrome/72.0.3626.121 Safari/537.36\"\n","level":"info"}
{"message":"::1 - - [16/Mar/2019:03:36:47 +0000] \"GET /api/getAllTheaters HTTP/1.1\" 304 - \"-\" \"Mozilla/5.0 (Windows NT 10.0; Win64; x64) AppleWebKit/537.36 (KHTML, like Gecko) Chrome/72.0.3626.121 Safari/537.36\"\n","level":"info"}
{"message":"::1 - - [16/Mar/2019:03:37:03 +0000] \"GET /api/getAllTheaters HTTP/1.1\" 200 2500 \"-\" \"Mozilla/5.0 (Windows NT 10.0; Win64; x64) AppleWebKit/537.36 (KHTML, like Gecko) Chrome/72.0.3626.121 Safari/537.36\"\n","level":"info"}
{"message":"::1 - - [16/Mar/2019:03:37:25 +0000] \"GET /api/getAllTheaters HTTP/1.1\" 200 2500 \"-\" \"PostmanRuntime/7.6.1\"\n","level":"info"}
{"message":"::1 - - [16/Mar/2019:03:38:12 +0000] \"GET /api/getAllActiveMovieInfo HTTP/1.1\" 200 11726546 \"-\" \"Mozilla/5.0 (Windows NT 10.0; Win64; x64) AppleWebKit/537.36 (KHTML, like Gecko) Chrome/72.0.3626.121 Safari/537.36\"\n","level":"info"}
{"message":"::1 - - [16/Mar/2019:03:38:39 +0000] \"GET /api/getAllActiveMovieInfo HTTP/1.1\" 200 11726546 \"-\" \"PostmanRuntime/7.6.1\"\n","level":"info"}
