::1 - - [14/Mar/2019:20:42:13 +0000] "GET /api/getAllActiveMovieInfo HTTP/1.1" 304 - "http://localhost:3000/" "Mozilla/5.0 (Windows NT 10.0; Win64; x64) AppleWebKit/537.36 (KHTML, like Gecko) Chrome/72.0.3626.121 Safari/537.36"
::1 - - [14/Mar/2019:20:42:29 +0000] "GET /api/getMovieInfo/ HTTP/1.1" 404 156 "http://localhost:3000/movieinfopage/1" "Mozilla/5.0 (Windows NT 10.0; Win64; x64) AppleWebKit/537.36 (KHTML, like Gecko) Chrome/72.0.3626.121 Safari/537.36"
::1 - - [14/Mar/2019:20:42:29 +0000] "GET /api/getMultipleTheatersById HTTP/1.1" 404 166 "http://localhost:3000/movieinfopage/1" "Mozilla/5.0 (Windows NT 10.0; Win64; x64) AppleWebKit/537.36 (KHTML, like Gecko) Chrome/72.0.3626.121 Safari/537.36"
::1 - - [14/Mar/2019:20:42:29 +0000] "GET /api/getMultipleShowDetailsById HTTP/1.1" 304 - "http://localhost:3000/movieinfopage/1" "Mozilla/5.0 (Windows NT 10.0; Win64; x64) AppleWebKit/537.36 (KHTML, like Gecko) Chrome/72.0.3626.121 Safari/537.36"
::1 - - [14/Mar/2019:20:42:46 +0000] "GET /api/getAllTheaters HTTP/1.1" 304 - "http://localhost:3000/admin/createevent" "Mozilla/5.0 (Windows NT 10.0; Win64; x64) AppleWebKit/537.36 (KHTML, like Gecko) Chrome/72.0.3626.121 Safari/537.36"
::1 - - [14/Mar/2019:20:42:46 +0000] "GET /api/getAllShowDetails HTTP/1.1" 200 2 "http://localhost:3000/admin/createevent" "Mozilla/5.0 (Windows NT 10.0; Win64; x64) AppleWebKit/537.36 (KHTML, like Gecko) Chrome/72.0.3626.121 Safari/537.36"
::1 - - [14/Mar/2019:20:42:48 +0000] "GET /api/getAllMovieInfo HTTP/1.1" 304 - "http://localhost:3000/admin/createevent" "Mozilla/5.0 (Windows NT 10.0; Win64; x64) AppleWebKit/537.36 (KHTML, like Gecko) Chrome/72.0.3626.121 Safari/537.36"
::1 - - [14/Mar/2019:20:45:40 +0000] "GET /api/getAllTheaters HTTP/1.1" 304 - "http://localhost:3000/listoftheaters" "Mozilla/5.0 (Windows NT 10.0; Win64; x64) AppleWebKit/537.36 (KHTML, like Gecko) Chrome/72.0.3626.121 Safari/537.36"
::1 - - [14/Mar/2019:20:45:48 +0000] "GET /api/getAllTheaters HTTP/1.1" 304 - "http://localhost:3000/admin/createevent" "Mozilla/5.0 (Windows NT 10.0; Win64; x64) AppleWebKit/537.36 (KHTML, like Gecko) Chrome/72.0.3626.121 Safari/537.36"
::1 - - [14/Mar/2019:20:45:48 +0000] "GET /api/getAllShowDetails HTTP/1.1" 304 - "http://localhost:3000/admin/createevent" "Mozilla/5.0 (Windows NT 10.0; Win64; x64) AppleWebKit/537.36 (KHTML, like Gecko) Chrome/72.0.3626.121 Safari/537.36"
::1 - - [14/Mar/2019:20:45:50 +0000] "GET /api/getAllMovieInfo HTTP/1.1" 304 - "http://localhost:3000/admin/createevent" "Mozilla/5.0 (Windows NT 10.0; Win64; x64) AppleWebKit/537.36 (KHTML, like Gecko) Chrome/72.0.3626.121 Safari/537.36"
::1 - - [14/Mar/2019:21:22:14 +0000] "GET /api/getAllActiveMovieInfo HTTP/1.1" 304 - "http://localhost:3000/" "Mozilla/5.0 (Windows NT 10.0; Win64; x64) AppleWebKit/537.36 (KHTML, like Gecko) Chrome/72.0.3626.121 Safari/537.36"
::1 - - [14/Mar/2019:21:22:19 +0000] "GET /api/getMovieInfo/ HTTP/1.1" 404 156 "http://localhost:3000/movieinfopage/1" "Mozilla/5.0 (Windows NT 10.0; Win64; x64) AppleWebKit/537.36 (KHTML, like Gecko) Chrome/72.0.3626.121 Safari/537.36"
::1 - - [14/Mar/2019:21:22:19 +0000] "GET /api/getMultipleTheatersById HTTP/1.1" 404 166 "http://localhost:3000/movieinfopage/1" "Mozilla/5.0 (Windows NT 10.0; Win64; x64) AppleWebKit/537.36 (KHTML, like Gecko) Chrome/72.0.3626.121 Safari/537.36"
::1 - - [14/Mar/2019:21:22:19 +0000] "GET /api/getMultipleShowDetailsById HTTP/1.1" 304 - "http://localhost:3000/movieinfopage/1" "Mozilla/5.0 (Windows NT 10.0; Win64; x64) AppleWebKit/537.36 (KHTML, like Gecko) Chrome/72.0.3626.121 Safari/537.36"
::1 - - [14/Mar/2019:21:24:50 +0000] "GET /api/getAllTheaters HTTP/1.1" 304 - "http://localhost:3000/admin/createevent" "Mozilla/5.0 (Windows NT 10.0; Win64; x64) AppleWebKit/537.36 (KHTML, like Gecko) Chrome/72.0.3626.121 Safari/537.36"
::1 - - [14/Mar/2019:21:24:50 +0000] "GET /api/getAllShowDetails HTTP/1.1" 304 - "http://localhost:3000/admin/createevent" "Mozilla/5.0 (Windows NT 10.0; Win64; x64) AppleWebKit/537.36 (KHTML, like Gecko) Chrome/72.0.3626.121 Safari/537.36"
::1 - - [14/Mar/2019:21:24:51 +0000] "GET /api/getAllMovieInfo HTTP/1.1" 304 - "http://localhost:3000/admin/createevent" "Mozilla/5.0 (Windows NT 10.0; Win64; x64) AppleWebKit/537.36 (KHTML, like Gecko) Chrome/72.0.3626.121 Safari/537.36"
::1 - - [14/Mar/2019:21:26:07 +0000] "GET /api/getAllTheaters HTTP/1.1" 304 - "http://localhost:3000/admin/createevent" "Mozilla/5.0 (Windows NT 10.0; Win64; x64) AppleWebKit/537.36 (KHTML, like Gecko) Chrome/72.0.3626.121 Safari/537.36"
::1 - - [14/Mar/2019:21:26:07 +0000] "GET /api/getAllShowDetails HTTP/1.1" 304 - "http://localhost:3000/admin/createevent" "Mozilla/5.0 (Windows NT 10.0; Win64; x64) AppleWebKit/537.36 (KHTML, like Gecko) Chrome/72.0.3626.121 Safari/537.36"
::1 - - [14/Mar/2019:21:26:09 +0000] "GET /api/getAllMovieInfo HTTP/1.1" 304 - "http://localhost:3000/admin/createevent" "Mozilla/5.0 (Windows NT 10.0; Win64; x64) AppleWebKit/537.36 (KHTML, like Gecko) Chrome/72.0.3626.121 Safari/537.36"
::1 - - [14/Mar/2019:21:27:04 +0000] "GET /api/getAllTheaters HTTP/1.1" 304 - "http://localhost:3000/admin/createevent" "Mozilla/5.0 (Windows NT 10.0; Win64; x64) AppleWebKit/537.36 (KHTML, like Gecko) Chrome/72.0.3626.121 Safari/537.36"
::1 - - [14/Mar/2019:21:27:04 +0000] "GET /api/getAllShowDetails HTTP/1.1" 304 - "http://localhost:3000/admin/createevent" "Mozilla/5.0 (Windows NT 10.0; Win64; x64) AppleWebKit/537.36 (KHTML, like Gecko) Chrome/72.0.3626.121 Safari/537.36"
::1 - - [14/Mar/2019:21:27:05 +0000] "GET /api/getAllMovieInfo HTTP/1.1" 304 - "http://localhost:3000/admin/createevent" "Mozilla/5.0 (Windows NT 10.0; Win64; x64) AppleWebKit/537.36 (KHTML, like Gecko) Chrome/72.0.3626.121 Safari/537.36"
::1 - - [14/Mar/2019:21:31:39 +0000] "GET /api/getAllActiveMovieInfo HTTP/1.1" 200 11726546 "http://localhost:3000/" "Mozilla/5.0 (Windows NT 10.0; Win64; x64) AppleWebKit/537.36 (KHTML, like Gecko) Chrome/72.0.3626.121 Safari/537.36"
::1 - - [14/Mar/2019:21:31:44 +0000] "GET /api/getMovieInfo/ HTTP/1.1" 404 156 "http://localhost:3000/movieinfopage/2" "Mozilla/5.0 (Windows NT 10.0; Win64; x64) AppleWebKit/537.36 (KHTML, like Gecko) Chrome/72.0.3626.121 Safari/537.36"
::1 - - [14/Mar/2019:21:31:44 +0000] "GET /api/getMultipleTheatersById HTTP/1.1" 404 166 "http://localhost:3000/movieinfopage/2" "Mozilla/5.0 (Windows NT 10.0; Win64; x64) AppleWebKit/537.36 (KHTML, like Gecko) Chrome/72.0.3626.121 Safari/537.36"
::1 - - [14/Mar/2019:21:31:44 +0000] "GET /api/getMultipleShowDetailsById HTTP/1.1" 304 - "http://localhost:3000/movieinfopage/2" "Mozilla/5.0 (Windows NT 10.0; Win64; x64) AppleWebKit/537.36 (KHTML, like Gecko) Chrome/72.0.3626.121 Safari/537.36"
::1 - - [14/Mar/2019:21:32:05 +0000] "GET /api/getMovieInfo/ HTTP/1.1" 404 156 "http://localhost:3000/movieinfopage/1" "Mozilla/5.0 (Windows NT 10.0; Win64; x64) AppleWebKit/537.36 (KHTML, like Gecko) Chrome/72.0.3626.121 Safari/537.36"
::1 - - [14/Mar/2019:21:32:05 +0000] "GET /api/getMultipleTheatersById HTTP/1.1" 404 166 "http://localhost:3000/movieinfopage/1" "Mozilla/5.0 (Windows NT 10.0; Win64; x64) AppleWebKit/537.36 (KHTML, like Gecko) Chrome/72.0.3626.121 Safari/537.36"
::1 - - [14/Mar/2019:21:32:05 +0000] "GET /api/getMultipleShowDetailsById HTTP/1.1" 304 - "http://localhost:3000/movieinfopage/1" "Mozilla/5.0 (Windows NT 10.0; Win64; x64) AppleWebKit/537.36 (KHTML, like Gecko) Chrome/72.0.3626.121 Safari/537.36"
::1 - - [14/Mar/2019:21:39:53 +0000] "GET /api/getAllActiveMovieInfo HTTP/1.1" 304 - "http://localhost:3000/" "Mozilla/5.0 (Windows NT 10.0; Win64; x64) AppleWebKit/537.36 (KHTML, like Gecko) Chrome/72.0.3626.121 Safari/537.36"
::1 - - [14/Mar/2019:21:39:59 +0000] "GET /api/getAllActiveMovieInfo HTTP/1.1" 304 - "http://localhost:3000/" "Mozilla/5.0 (Windows NT 10.0; Win64; x64) AppleWebKit/537.36 (KHTML, like Gecko) Chrome/72.0.3626.121 Safari/537.36"
::1 - - [14/Mar/2019:21:40:44 +0000] "GET /api/getMovieInfo/ HTTP/1.1" 404 156 "http://localhost:3000/movieinfopage/1" "Mozilla/5.0 (Windows NT 10.0; Win64; x64) AppleWebKit/537.36 (KHTML, like Gecko) Chrome/72.0.3626.121 Safari/537.36"
::1 - - [14/Mar/2019:21:40:44 +0000] "GET /api/getMultipleTheatersById HTTP/1.1" 404 166 "http://localhost:3000/movieinfopage/1" "Mozilla/5.0 (Windows NT 10.0; Win64; x64) AppleWebKit/537.36 (KHTML, like Gecko) Chrome/72.0.3626.121 Safari/537.36"
::1 - - [14/Mar/2019:21:40:44 +0000] "GET /api/getMultipleShowDetailsById HTTP/1.1" 304 - "http://localhost:3000/movieinfopage/1" "Mozilla/5.0 (Windows NT 10.0; Win64; x64) AppleWebKit/537.36 (KHTML, like Gecko) Chrome/72.0.3626.121 Safari/537.36"
::1 - - [14/Mar/2019:22:10:54 +0000] "GET /api/getMultipleShowDetailsById HTTP/1.1" 304 - "http://localhost:3000/movieinfopage/1" "Mozilla/5.0 (Windows NT 10.0; Win64; x64) AppleWebKit/537.36 (KHTML, like Gecko) Chrome/72.0.3626.121 Safari/537.36"
::1 - - [14/Mar/2019:22:10:54 +0000] "GET /api/getMultipleTheatersById HTTP/1.1" 404 166 "http://localhost:3000/movieinfopage/1" "Mozilla/5.0 (Windows NT 10.0; Win64; x64) AppleWebKit/537.36 (KHTML, like Gecko) Chrome/72.0.3626.121 Safari/537.36"
::1 - - [14/Mar/2019:22:10:58 +0000] "GET /api/getMovieInfo/1 HTTP/1.1" 200 5863278 "http://localhost:3000/movieinfopage/1" "Mozilla/5.0 (Windows NT 10.0; Win64; x64) AppleWebKit/537.36 (KHTML, like Gecko) Chrome/72.0.3626.121 Safari/537.36"
::1 - - [14/Mar/2019:22:23:31 +0000] "GET /api/getMovieInfo/1 HTTP/1.1" 304 - "http://localhost:3000/movieinfopage/1" "Mozilla/5.0 (Windows NT 10.0; Win64; x64) AppleWebKit/537.36 (KHTML, like Gecko) Chrome/72.0.3626.121 Safari/537.36"
::1 - - [14/Mar/2019:22:23:32 +0000] "GET /api/getMultipleShowDetailsById HTTP/1.1" 304 - "http://localhost:3000/movieinfopage/1" "Mozilla/5.0 (Windows NT 10.0; Win64; x64) AppleWebKit/537.36 (KHTML, like Gecko) Chrome/72.0.3626.121 Safari/537.36"
::1 - - [14/Mar/2019:22:24:01 +0000] "GET /api/getMovieInfo/1 HTTP/1.1" 304 - "http://localhost:3000/movieinfopage/1" "Mozilla/5.0 (Windows NT 10.0; Win64; x64) AppleWebKit/537.36 (KHTML, like Gecko) Chrome/72.0.3626.121 Safari/537.36"
::1 - - [14/Mar/2019:22:24:01 +0000] "GET /api/getMultipleShowDetailsById HTTP/1.1" 304 - "http://localhost:3000/movieinfopage/1" "Mozilla/5.0 (Windows NT 10.0; Win64; x64) AppleWebKit/537.36 (KHTML, like Gecko) Chrome/72.0.3626.121 Safari/537.36"
::1 - - [14/Mar/2019:22:28:02 +0000] "GET /api/getMovieInfo/2 HTTP/1.1" 200 5863265 "http://localhost:3000/movieinfopage/2" "Mozilla/5.0 (Windows NT 10.0; Win64; x64) AppleWebKit/537.36 (KHTML, like Gecko) Chrome/72.0.3626.121 Safari/537.36"
::1 - - [14/Mar/2019:22:28:03 +0000] "GET /api/getMultipleShowDetailsById HTTP/1.1" 304 - "http://localhost:3000/movieinfopage/2" "Mozilla/5.0 (Windows NT 10.0; Win64; x64) AppleWebKit/537.36 (KHTML, like Gecko) Chrome/72.0.3626.121 Safari/537.36"
::1 - - [14/Mar/2019:22:30:51 +0000] "GET /api/getMovieInfo/2 HTTP/1.1" 304 - "http://localhost:3000/movieinfopage/2" "Mozilla/5.0 (Windows NT 10.0; Win64; x64) AppleWebKit/537.36 (KHTML, like Gecko) Chrome/72.0.3626.121 Safari/537.36"
::1 - - [14/Mar/2019:22:30:51 +0000] "GET /api/getMultipleShowDetailsById HTTP/1.1" 304 - "http://localhost:3000/movieinfopage/2" "Mozilla/5.0 (Windows NT 10.0; Win64; x64) AppleWebKit/537.36 (KHTML, like Gecko) Chrome/72.0.3626.121 Safari/537.36"
::1 - - [14/Mar/2019:22:31:52 +0000] "GET /api/getMovieInfo/2 HTTP/1.1" 304 - "http://localhost:3000/movieinfopage/2" "Mozilla/5.0 (Windows NT 10.0; Win64; x64) AppleWebKit/537.36 (KHTML, like Gecko) Chrome/72.0.3626.121 Safari/537.36"
::1 - - [14/Mar/2019:22:31:53 +0000] "GET /api/getMultipleShowDetailsById HTTP/1.1" 304 - "http://localhost:3000/movieinfopage/2" "Mozilla/5.0 (Windows NT 10.0; Win64; x64) AppleWebKit/537.36 (KHTML, like Gecko) Chrome/72.0.3626.121 Safari/537.36"
::1 - - [14/Mar/2019:22:32:00 +0000] "GET /api/getMovieInfo/2 HTTP/1.1" 304 - "http://localhost:3000/movieinfopage/2" "Mozilla/5.0 (Windows NT 10.0; Win64; x64) AppleWebKit/537.36 (KHTML, like Gecko) Chrome/72.0.3626.121 Safari/537.36"
::1 - - [14/Mar/2019:22:32:00 +0000] "GET /api/getMultipleShowDetailsById HTTP/1.1" 304 - "http://localhost:3000/movieinfopage/2" "Mozilla/5.0 (Windows NT 10.0; Win64; x64) AppleWebKit/537.36 (KHTML, like Gecko) Chrome/72.0.3626.121 Safari/537.36"
::1 - - [14/Mar/2019:22:38:33 +0000] "GET /api/getMovieInfo/2 HTTP/1.1" 304 - "http://localhost:3000/movieinfopage/2" "Mozilla/5.0 (Windows NT 10.0; Win64; x64) AppleWebKit/537.36 (KHTML, like Gecko) Chrome/72.0.3626.121 Safari/537.36"
::1 - - [14/Mar/2019:22:38:33 +0000] "GET /api/getMultipleShowDetailsById HTTP/1.1" 304 - "http://localhost:3000/movieinfopage/2" "Mozilla/5.0 (Windows NT 10.0; Win64; x64) AppleWebKit/537.36 (KHTML, like Gecko) Chrome/72.0.3626.121 Safari/537.36"
::1 - - [14/Mar/2019:22:38:33 +0000] "GET /api/getMultipleTheatersById HTTP/1.1" 200 2 "http://localhost:3000/movieinfopage/2" "Mozilla/5.0 (Windows NT 10.0; Win64; x64) AppleWebKit/537.36 (KHTML, like Gecko) Chrome/72.0.3626.121 Safari/537.36"
::1 - - [14/Mar/2019:22:40:23 +0000] "GET /api/getMovieInfo/2 HTTP/1.1" 304 - "http://localhost:3000/movieinfopage/2" "Mozilla/5.0 (Windows NT 10.0; Win64; x64) AppleWebKit/537.36 (KHTML, like Gecko) Chrome/72.0.3626.121 Safari/537.36"
::1 - - [14/Mar/2019:22:40:23 +0000] "GET /api/getMultipleShowDetailsById HTTP/1.1" 304 - "http://localhost:3000/movieinfopage/2" "Mozilla/5.0 (Windows NT 10.0; Win64; x64) AppleWebKit/537.36 (KHTML, like Gecko) Chrome/72.0.3626.121 Safari/537.36"
::1 - - [14/Mar/2019:22:40:23 +0000] "GET /api/getMultipleTheatersById HTTP/1.1" 304 - "http://localhost:3000/movieinfopage/2" "Mozilla/5.0 (Windows NT 10.0; Win64; x64) AppleWebKit/537.36 (KHTML, like Gecko) Chrome/72.0.3626.121 Safari/537.36"
::1 - - [14/Mar/2019:22:41:41 +0000] "GET /api/getMovieInfo/2 HTTP/1.1" 304 - "http://localhost:3000/movieinfopage/2" "Mozilla/5.0 (Windows NT 10.0; Win64; x64) AppleWebKit/537.36 (KHTML, like Gecko) Chrome/72.0.3626.121 Safari/537.36"
::1 - - [14/Mar/2019:22:41:41 +0000] "GET /api/getMultipleShowDetailsById HTTP/1.1" 304 - "http://localhost:3000/movieinfopage/2" "Mozilla/5.0 (Windows NT 10.0; Win64; x64) AppleWebKit/537.36 (KHTML, like Gecko) Chrome/72.0.3626.121 Safari/537.36"
::1 - - [14/Mar/2019:22:41:41 +0000] "GET /api/getMultipleTheatersById HTTP/1.1" 304 - "http://localhost:3000/movieinfopage/2" "Mozilla/5.0 (Windows NT 10.0; Win64; x64) AppleWebKit/537.36 (KHTML, like Gecko) Chrome/72.0.3626.121 Safari/537.36"
::1 - - [14/Mar/2019:22:43:29 +0000] "GET /api/getMovieInfo/2 HTTP/1.1" 304 - "http://localhost:3000/movieinfopage/2" "Mozilla/5.0 (Windows NT 10.0; Win64; x64) AppleWebKit/537.36 (KHTML, like Gecko) Chrome/72.0.3626.121 Safari/537.36"
::1 - - [14/Mar/2019:22:43:29 +0000] "GET /api/getMultipleShowDetailsById HTTP/1.1" 304 - "http://localhost:3000/movieinfopage/2" "Mozilla/5.0 (Windows NT 10.0; Win64; x64) AppleWebKit/537.36 (KHTML, like Gecko) Chrome/72.0.3626.121 Safari/537.36"
::1 - - [14/Mar/2019:22:43:29 +0000] "GET /api/getMultipleTheatersById HTTP/1.1" 304 - "http://localhost:3000/movieinfopage/2" "Mozilla/5.0 (Windows NT 10.0; Win64; x64) AppleWebKit/537.36 (KHTML, like Gecko) Chrome/72.0.3626.121 Safari/537.36"
::1 - - [14/Mar/2019:22:44:36 +0000] "GET /api/getMovieInfo/2 HTTP/1.1" 304 - "http://localhost:3000/movieinfopage/2" "Mozilla/5.0 (Windows NT 10.0; Win64; x64) AppleWebKit/537.36 (KHTML, like Gecko) Chrome/72.0.3626.121 Safari/537.36"
::1 - - [14/Mar/2019:22:44:36 +0000] "GET /api/getMultipleShowDetailsById HTTP/1.1" 304 - "http://localhost:3000/movieinfopage/2" "Mozilla/5.0 (Windows NT 10.0; Win64; x64) AppleWebKit/537.36 (KHTML, like Gecko) Chrome/72.0.3626.121 Safari/537.36"
::1 - - [14/Mar/2019:22:44:36 +0000] "GET /api/getMultipleTheatersById HTTP/1.1" 304 - "http://localhost:3000/movieinfopage/2" "Mozilla/5.0 (Windows NT 10.0; Win64; x64) AppleWebKit/537.36 (KHTML, like Gecko) Chrome/72.0.3626.121 Safari/537.36"
::1 - - [14/Mar/2019:22:49:11 +0000] "GET /api/getMovieInfo/2 HTTP/1.1" 304 - "http://localhost:3000/movieinfopage/2" "Mozilla/5.0 (Windows NT 10.0; Win64; x64) AppleWebKit/537.36 (KHTML, like Gecko) Chrome/72.0.3626.121 Safari/537.36"
::1 - - [14/Mar/2019:22:49:11 +0000] "GET /api/getMultipleShowDetailsById HTTP/1.1" 304 - "http://localhost:3000/movieinfopage/2" "Mozilla/5.0 (Windows NT 10.0; Win64; x64) AppleWebKit/537.36 (KHTML, like Gecko) Chrome/72.0.3626.121 Safari/537.36"
::1 - - [14/Mar/2019:22:49:11 +0000] "GET /api/getMultipleTheatersById HTTP/1.1" 304 - "http://localhost:3000/movieinfopage/2" "Mozilla/5.0 (Windows NT 10.0; Win64; x64) AppleWebKit/537.36 (KHTML, like Gecko) Chrome/72.0.3626.121 Safari/537.36"
::1 - - [14/Mar/2019:22:50:23 +0000] "GET /api/getMovieInfo/2 HTTP/1.1" 304 - "http://localhost:3000/movieinfopage/2" "Mozilla/5.0 (Windows NT 10.0; Win64; x64) AppleWebKit/537.36 (KHTML, like Gecko) Chrome/72.0.3626.121 Safari/537.36"
::1 - - [14/Mar/2019:22:50:24 +0000] "GET /api/getMultipleShowDetailsById HTTP/1.1" 304 - "http://localhost:3000/movieinfopage/2" "Mozilla/5.0 (Windows NT 10.0; Win64; x64) AppleWebKit/537.36 (KHTML, like Gecko) Chrome/72.0.3626.121 Safari/537.36"
::1 - - [14/Mar/2019:22:50:24 +0000] "GET /api/getMultipleTheatersById HTTP/1.1" 304 - "http://localhost:3000/movieinfopage/2" "Mozilla/5.0 (Windows NT 10.0; Win64; x64) AppleWebKit/537.36 (KHTML, like Gecko) Chrome/72.0.3626.121 Safari/537.36"
::1 - - [14/Mar/2019:22:51:11 +0000] "GET /api/getMovieInfo/2 HTTP/1.1" 304 - "http://localhost:3000/movieinfopage/2" "Mozilla/5.0 (Windows NT 10.0; Win64; x64) AppleWebKit/537.36 (KHTML, like Gecko) Chrome/72.0.3626.121 Safari/537.36"
::1 - - [14/Mar/2019:22:51:11 +0000] "GET /api/getMultipleShowDetailsById?showIds[]=1&showIds[]=2&showIds[]=3&showIds[]=4&showIds[]=5&showIds[]=6&showIds[]=7&showIds[]=8&showIds[]=9&showIds[]=10 HTTP/1.1" 200 2 "http://localhost:3000/movieinfopage/2" "Mozilla/5.0 (Windows NT 10.0; Win64; x64) AppleWebKit/537.36 (KHTML, like Gecko) Chrome/72.0.3626.121 Safari/537.36"
::1 - - [14/Mar/2019:22:51:11 +0000] "GET /api/getMultipleTheatersById?theaterIds=function+Array()+%7B+[native+code]+%7D HTTP/1.1" 200 2 "http://localhost:3000/movieinfopage/2" "Mozilla/5.0 (Windows NT 10.0; Win64; x64) AppleWebKit/537.36 (KHTML, like Gecko) Chrome/72.0.3626.121 Safari/537.36"
::1 - - [14/Mar/2019:23:01:26 +0000] "GET /api/getMovieInfo/2 HTTP/1.1" 304 - "http://localhost:3000/movieinfopage/2" "Mozilla/5.0 (Windows NT 10.0; Win64; x64) AppleWebKit/537.36 (KHTML, like Gecko) Chrome/72.0.3626.121 Safari/537.36"
::1 - - [14/Mar/2019:23:01:27 +0000] "GET /api/getMultipleShowDetailsById HTTP/1.1" 304 - "http://localhost:3000/movieinfopage/2" "Mozilla/5.0 (Windows NT 10.0; Win64; x64) AppleWebKit/537.36 (KHTML, like Gecko) Chrome/72.0.3626.121 Safari/537.36"
::1 - - [14/Mar/2019:23:01:27 +0000] "GET /api/getMultipleTheatersById?theaterIds=function+Array()+%7B+[native+code]+%7D HTTP/1.1" 304 - "http://localhost:3000/movieinfopage/2" "Mozilla/5.0 (Windows NT 10.0; Win64; x64) AppleWebKit/537.36 (KHTML, like Gecko) Chrome/72.0.3626.121 Safari/537.36"
::1 - - [14/Mar/2019:23:03:43 +0000] "GET /api/getMovieInfo/2 HTTP/1.1" 304 - "http://localhost:3000/movieinfopage/2" "Mozilla/5.0 (Windows NT 10.0; Win64; x64) AppleWebKit/537.36 (KHTML, like Gecko) Chrome/72.0.3626.121 Safari/537.36"
::1 - - [14/Mar/2019:23:03:43 +0000] "GET /api/getMultipleShowDetailsById HTTP/1.1" 304 - "http://localhost:3000/movieinfopage/2" "Mozilla/5.0 (Windows NT 10.0; Win64; x64) AppleWebKit/537.36 (KHTML, like Gecko) Chrome/72.0.3626.121 Safari/537.36"
::1 - - [14/Mar/2019:23:03:43 +0000] "GET /api/getMultipleTheatersById?theaterIds=function+Array()+%7B+[native+code]+%7D HTTP/1.1" 304 - "http://localhost:3000/movieinfopage/2" "Mozilla/5.0 (Windows NT 10.0; Win64; x64) AppleWebKit/537.36 (KHTML, like Gecko) Chrome/72.0.3626.121 Safari/537.36"
::1 - - [14/Mar/2019:23:05:30 +0000] "GET /api/getMovieInfo/2 HTTP/1.1" 304 - "http://localhost:3000/movieinfopage/2" "Mozilla/5.0 (Windows NT 10.0; Win64; x64) AppleWebKit/537.36 (KHTML, like Gecko) Chrome/72.0.3626.121 Safari/537.36"
::1 - - [14/Mar/2019:23:05:30 +0000] "GET /api/getMultipleShowDetailsById HTTP/1.1" 304 - "http://localhost:3000/movieinfopage/2" "Mozilla/5.0 (Windows NT 10.0; Win64; x64) AppleWebKit/537.36 (KHTML, like Gecko) Chrome/72.0.3626.121 Safari/537.36"
::1 - - [14/Mar/2019:23:05:30 +0000] "GET /api/getMultipleTheatersById?theaterIds=function+Array()+%7B+[native+code]+%7D HTTP/1.1" 304 - "http://localhost:3000/movieinfopage/2" "Mozilla/5.0 (Windows NT 10.0; Win64; x64) AppleWebKit/537.36 (KHTML, like Gecko) Chrome/72.0.3626.121 Safari/537.36"
::1 - - [14/Mar/2019:23:08:47 +0000] "GET /api/getMovieInfo/2 HTTP/1.1" 304 - "http://localhost:3000/movieinfopage/2" "Mozilla/5.0 (Windows NT 10.0; Win64; x64) AppleWebKit/537.36 (KHTML, like Gecko) Chrome/72.0.3626.121 Safari/537.36"
::1 - - [14/Mar/2019:23:08:47 +0000] "GET /api/getMultipleShowDetailsById HTTP/1.1" 304 - "http://localhost:3000/movieinfopage/2" "Mozilla/5.0 (Windows NT 10.0; Win64; x64) AppleWebKit/537.36 (KHTML, like Gecko) Chrome/72.0.3626.121 Safari/537.36"
::1 - - [14/Mar/2019:23:08:47 +0000] "GET /api/getMultipleTheatersById?theaterIds=function+Array()+%7B+[native+code]+%7D HTTP/1.1" 304 - "http://localhost:3000/movieinfopage/2" "Mozilla/5.0 (Windows NT 10.0; Win64; x64) AppleWebKit/537.36 (KHTML, like Gecko) Chrome/72.0.3626.121 Safari/537.36"
::1 - - [14/Mar/2019:23:09:58 +0000] "GET /api/getMovieInfo/2 HTTP/1.1" 304 - "http://localhost:3000/movieinfopage/2" "Mozilla/5.0 (Windows NT 10.0; Win64; x64) AppleWebKit/537.36 (KHTML, like Gecko) Chrome/72.0.3626.121 Safari/537.36"
::1 - - [14/Mar/2019:23:09:58 +0000] "GET /api/getMultipleShowDetailsById?foo=bar HTTP/1.1" 200 2 "http://localhost:3000/movieinfopage/2" "Mozilla/5.0 (Windows NT 10.0; Win64; x64) AppleWebKit/537.36 (KHTML, like Gecko) Chrome/72.0.3626.121 Safari/537.36"
::1 - - [14/Mar/2019:23:09:58 +0000] "GET /api/getMultipleTheatersById?theaterIds=function+Array()+%7B+[native+code]+%7D HTTP/1.1" 304 - "http://localhost:3000/movieinfopage/2" "Mozilla/5.0 (Windows NT 10.0; Win64; x64) AppleWebKit/537.36 (KHTML, like Gecko) Chrome/72.0.3626.121 Safari/537.36"
::1 - - [14/Mar/2019:23:10:41 +0000] "GET /api/getMovieInfo/2 HTTP/1.1" 304 - "http://localhost:3000/movieinfopage/2" "Mozilla/5.0 (Windows NT 10.0; Win64; x64) AppleWebKit/537.36 (KHTML, like Gecko) Chrome/72.0.3626.121 Safari/537.36"
::1 - - [14/Mar/2019:23:10:42 +0000] "GET /api/getMultipleShowDetailsById?foo=bar&showIds[]=1&showIds[]=2&showIds[]=3&showIds[]=4&showIds[]=5&showIds[]=6&showIds[]=7&showIds[]=8&showIds[]=9&showIds[]=10 HTTP/1.1" 200 2 "http://localhost:3000/movieinfopage/2" "Mozilla/5.0 (Windows NT 10.0; Win64; x64) AppleWebKit/537.36 (KHTML, like Gecko) Chrome/72.0.3626.121 Safari/537.36"
::1 - - [14/Mar/2019:23:10:42 +0000] "GET /api/getMultipleTheatersById?theaterIds=function+Array()+%7B+[native+code]+%7D HTTP/1.1" 304 - "http://localhost:3000/movieinfopage/2" "Mozilla/5.0 (Windows NT 10.0; Win64; x64) AppleWebKit/537.36 (KHTML, like Gecko) Chrome/72.0.3626.121 Safari/537.36"
::1 - - [14/Mar/2019:23:11:01 +0000] "GET /api/getMovieInfo/2 HTTP/1.1" 304 - "http://localhost:3000/movieinfopage/2" "Mozilla/5.0 (Windows NT 10.0; Win64; x64) AppleWebKit/537.36 (KHTML, like Gecko) Chrome/72.0.3626.121 Safari/537.36"
::1 - - [14/Mar/2019:23:11:01 +0000] "GET /api/getMultipleShowDetailsById?foo=bar HTTP/1.1" 304 - "http://localhost:3000/movieinfopage/2" "Mozilla/5.0 (Windows NT 10.0; Win64; x64) AppleWebKit/537.36 (KHTML, like Gecko) Chrome/72.0.3626.121 Safari/537.36"
::1 - - [14/Mar/2019:23:11:01 +0000] "GET /api/getMultipleTheatersById?theaterIds=function+Array()+%7B+[native+code]+%7D HTTP/1.1" 304 - "http://localhost:3000/movieinfopage/2" "Mozilla/5.0 (Windows NT 10.0; Win64; x64) AppleWebKit/537.36 (KHTML, like Gecko) Chrome/72.0.3626.121 Safari/537.36"
::1 - - [14/Mar/2019:23:11:37 +0000] "GET /api/getMovieInfo/2 HTTP/1.1" 304 - "http://localhost:3000/movieinfopage/2" "Mozilla/5.0 (Windows NT 10.0; Win64; x64) AppleWebKit/537.36 (KHTML, like Gecko) Chrome/72.0.3626.121 Safari/537.36"
::1 - - [14/Mar/2019:23:11:38 +0000] "GET /api/getMultipleShowDetailsById?showIds[]=1&showIds[]=2&showIds[]=3&showIds[]=4&showIds[]=5&showIds[]=6&showIds[]=7&showIds[]=8&showIds[]=9&showIds[]=10 HTTP/1.1" 304 - "http://localhost:3000/movieinfopage/2" "Mozilla/5.0 (Windows NT 10.0; Win64; x64) AppleWebKit/537.36 (KHTML, like Gecko) Chrome/72.0.3626.121 Safari/537.36"
::1 - - [14/Mar/2019:23:11:38 +0000] "GET /api/getMultipleTheatersById?theaterIds=function+Array()+%7B+[native+code]+%7D HTTP/1.1" 304 - "http://localhost:3000/movieinfopage/2" "Mozilla/5.0 (Windows NT 10.0; Win64; x64) AppleWebKit/537.36 (KHTML, like Gecko) Chrome/72.0.3626.121 Safari/537.36"
::1 - - [14/Mar/2019:23:12:21 +0000] "GET /api/getMovieInfo/2 HTTP/1.1" 304 - "http://localhost:3000/movieinfopage/2" "Mozilla/5.0 (Windows NT 10.0; Win64; x64) AppleWebKit/537.36 (KHTML, like Gecko) Chrome/72.0.3626.121 Safari/537.36"
::1 - - [14/Mar/2019:23:12:21 +0000] "GET /api/getMultipleShowDetailsById?showIds[]=1&showIds[]=2&showIds[]=3&showIds[]=4&showIds[]=5&showIds[]=6&showIds[]=7&showIds[]=8&showIds[]=9&showIds[]=10 HTTP/1.1" 304 - "http://localhost:3000/movieinfopage/2" "Mozilla/5.0 (Windows NT 10.0; Win64; x64) AppleWebKit/537.36 (KHTML, like Gecko) Chrome/72.0.3626.121 Safari/537.36"
::1 - - [14/Mar/2019:23:12:21 +0000] "GET /api/getMultipleTheatersById?theaterIds=function+Array()+%7B+[native+code]+%7D HTTP/1.1" 304 - "http://localhost:3000/movieinfopage/2" "Mozilla/5.0 (Windows NT 10.0; Win64; x64) AppleWebKit/537.36 (KHTML, like Gecko) Chrome/72.0.3626.121 Safari/537.36"
::1 - - [14/Mar/2019:23:14:03 +0000] "GET /api/getMovieInfo/2 HTTP/1.1" 304 - "http://localhost:3000/movieinfopage/2" "Mozilla/5.0 (Windows NT 10.0; Win64; x64) AppleWebKit/537.36 (KHTML, like Gecko) Chrome/72.0.3626.121 Safari/537.36"
::1 - - [14/Mar/2019:23:14:03 +0000] "GET /api/getMultipleShowDetailsById HTTP/1.1" 304 - "http://localhost:3000/movieinfopage/2" "Mozilla/5.0 (Windows NT 10.0; Win64; x64) AppleWebKit/537.36 (KHTML, like Gecko) Chrome/72.0.3626.121 Safari/537.36"
::1 - - [14/Mar/2019:23:14:03 +0000] "GET /api/getMultipleTheatersById?theaterIds=function+Array()+%7B+[native+code]+%7D HTTP/1.1" 304 - "http://localhost:3000/movieinfopage/2" "Mozilla/5.0 (Windows NT 10.0; Win64; x64) AppleWebKit/537.36 (KHTML, like Gecko) Chrome/72.0.3626.121 Safari/537.36"
::1 - - [14/Mar/2019:23:14:29 +0000] "GET /api/getMovieInfo/2 HTTP/1.1" 304 - "http://localhost:3000/movieinfopage/2" "Mozilla/5.0 (Windows NT 10.0; Win64; x64) AppleWebKit/537.36 (KHTML, like Gecko) Chrome/72.0.3626.121 Safari/537.36"
::1 - - [14/Mar/2019:23:14:29 +0000] "GET /api/getMultipleShowDetailsById HTTP/1.1" 304 - "http://localhost:3000/movieinfopage/2" "Mozilla/5.0 (Windows NT 10.0; Win64; x64) AppleWebKit/537.36 (KHTML, like Gecko) Chrome/72.0.3626.121 Safari/537.36"
::1 - - [14/Mar/2019:23:14:29 +0000] "GET /api/getMultipleTheatersById?theaterIds=function+Array()+%7B+[native+code]+%7D HTTP/1.1" 304 - "http://localhost:3000/movieinfopage/2" "Mozilla/5.0 (Windows NT 10.0; Win64; x64) AppleWebKit/537.36 (KHTML, like Gecko) Chrome/72.0.3626.121 Safari/537.36"
::1 - - [14/Mar/2019:23:14:42 +0000] "GET /api/getMovieInfo/2 HTTP/1.1" 304 - "http://localhost:3000/movieinfopage/2" "Mozilla/5.0 (Windows NT 10.0; Win64; x64) AppleWebKit/537.36 (KHTML, like Gecko) Chrome/72.0.3626.121 Safari/537.36"
::1 - - [14/Mar/2019:23:14:43 +0000] "GET /api/getMultipleShowDetailsById?showIds[]=1&showIds[]=2&showIds[]=3&showIds[]=4&showIds[]=5&showIds[]=6&showIds[]=7&showIds[]=8&showIds[]=9&showIds[]=10 HTTP/1.1" 200 3422 "http://localhost:3000/movieinfopage/2" "Mozilla/5.0 (Windows NT 10.0; Win64; x64) AppleWebKit/537.36 (KHTML, like Gecko) Chrome/72.0.3626.121 Safari/537.36"
::1 - - [14/Mar/2019:23:15:37 +0000] "GET /api/getMovieInfo/2 HTTP/1.1" 304 - "http://localhost:3000/movieinfopage/2" "Mozilla/5.0 (Windows NT 10.0; Win64; x64) AppleWebKit/537.36 (KHTML, like Gecko) Chrome/72.0.3626.121 Safari/537.36"
::1 - - [14/Mar/2019:23:15:37 +0000] "GET /api/getMultipleShowDetailsById?showIds[]=1&showIds[]=2&showIds[]=3&showIds[]=4&showIds[]=5&showIds[]=6&showIds[]=7&showIds[]=8&showIds[]=9&showIds[]=10 HTTP/1.1" 304 - "http://localhost:3000/movieinfopage/2" "Mozilla/5.0 (Windows NT 10.0; Win64; x64) AppleWebKit/537.36 (KHTML, like Gecko) Chrome/72.0.3626.121 Safari/537.36"
::1 - - [14/Mar/2019:23:15:37 +0000] "GET /api/getMultipleTheatersById HTTP/1.1" 304 - "http://localhost:3000/movieinfopage/2" "Mozilla/5.0 (Windows NT 10.0; Win64; x64) AppleWebKit/537.36 (KHTML, like Gecko) Chrome/72.0.3626.121 Safari/537.36"
::1 - - [14/Mar/2019:23:18:55 +0000] "GET /api/getMovieInfo/2 HTTP/1.1" 304 - "http://localhost:3000/movieinfopage/2" "Mozilla/5.0 (Windows NT 10.0; Win64; x64) AppleWebKit/537.36 (KHTML, like Gecko) Chrome/72.0.3626.121 Safari/537.36"
::1 - - [14/Mar/2019:23:18:55 +0000] "GET /api/getMultipleShowDetailsById?showIds[]=1&showIds[]=2&showIds[]=3&showIds[]=4&showIds[]=5&showIds[]=6&showIds[]=7&showIds[]=8&showIds[]=9&showIds[]=10 HTTP/1.1" 304 - "http://localhost:3000/movieinfopage/2" "Mozilla/5.0 (Windows NT 10.0; Win64; x64) AppleWebKit/537.36 (KHTML, like Gecko) Chrome/72.0.3626.121 Safari/537.36"
::1 - - [14/Mar/2019:23:18:56 +0000] "GET /api/getMultipleTheatersById HTTP/1.1" 304 - "http://localhost:3000/movieinfopage/2" "Mozilla/5.0 (Windows NT 10.0; Win64; x64) AppleWebKit/537.36 (KHTML, like Gecko) Chrome/72.0.3626.121 Safari/537.36"
::1 - - [14/Mar/2019:23:19:39 +0000] "GET /api/getMovieInfo/2 HTTP/1.1" 304 - "http://localhost:3000/movieinfopage/2" "Mozilla/5.0 (Windows NT 10.0; Win64; x64) AppleWebKit/537.36 (KHTML, like Gecko) Chrome/72.0.3626.121 Safari/537.36"
::1 - - [14/Mar/2019:23:19:39 +0000] "GET /api/getMultipleShowDetailsById?showIds[]=1&showIds[]=2&showIds[]=3&showIds[]=4&showIds[]=5&showIds[]=6&showIds[]=7&showIds[]=8&showIds[]=9&showIds[]=10 HTTP/1.1" 304 - "http://localhost:3000/movieinfopage/2" "Mozilla/5.0 (Windows NT 10.0; Win64; x64) AppleWebKit/537.36 (KHTML, like Gecko) Chrome/72.0.3626.121 Safari/537.36"
::1 - - [14/Mar/2019:23:19:39 +0000] "GET /api/getMultipleTheatersById HTTP/1.1" 304 - "http://localhost:3000/movieinfopage/2" "Mozilla/5.0 (Windows NT 10.0; Win64; x64) AppleWebKit/537.36 (KHTML, like Gecko) Chrome/72.0.3626.121 Safari/537.36"
::1 - - [14/Mar/2019:23:20:34 +0000] "GET /api/getMovieInfo/2 HTTP/1.1" 304 - "http://localhost:3000/movieinfopage/2" "Mozilla/5.0 (Windows NT 10.0; Win64; x64) AppleWebKit/537.36 (KHTML, like Gecko) Chrome/72.0.3626.121 Safari/537.36"
::1 - - [14/Mar/2019:23:20:34 +0000] "GET /api/getMultipleShowDetailsById?showIds[]=1&showIds[]=2&showIds[]=3&showIds[]=4&showIds[]=5&showIds[]=6&showIds[]=7&showIds[]=8&showIds[]=9&showIds[]=10 HTTP/1.1" 304 - "http://localhost:3000/movieinfopage/2" "Mozilla/5.0 (Windows NT 10.0; Win64; x64) AppleWebKit/537.36 (KHTML, like Gecko) Chrome/72.0.3626.121 Safari/537.36"
::1 - - [14/Mar/2019:23:20:34 +0000] "GET /api/getMultipleTheatersById HTTP/1.1" 304 - "http://localhost:3000/movieinfopage/2" "Mozilla/5.0 (Windows NT 10.0; Win64; x64) AppleWebKit/537.36 (KHTML, like Gecko) Chrome/72.0.3626.121 Safari/537.36"
::1 - - [14/Mar/2019:23:24:05 +0000] "GET /api/getMovieInfo/2 HTTP/1.1" 304 - "http://localhost:3000/movieinfopage/2" "Mozilla/5.0 (Windows NT 10.0; Win64; x64) AppleWebKit/537.36 (KHTML, like Gecko) Chrome/72.0.3626.121 Safari/537.36"
::1 - - [14/Mar/2019:23:24:05 +0000] "GET /api/getMultipleShowDetailsById?showIds[]=1&showIds[]=2&showIds[]=3&showIds[]=4&showIds[]=5&showIds[]=6&showIds[]=7&showIds[]=8&showIds[]=9&showIds[]=10 HTTP/1.1" 304 - "http://localhost:3000/movieinfopage/2" "Mozilla/5.0 (Windows NT 10.0; Win64; x64) AppleWebKit/537.36 (KHTML, like Gecko) Chrome/72.0.3626.121 Safari/537.36"
::1 - - [14/Mar/2019:23:24:05 +0000] "GET /api/getMultipleTheatersById?theaterIds[]=1&theaterIds[]=2&theaterIds[]=3&theaterIds[]=4&theaterIds[]=5&theaterIds[]=6&theaterIds[]=7&theaterIds[]=8 HTTP/1.1" 200 2500 "http://localhost:3000/movieinfopage/2" "Mozilla/5.0 (Windows NT 10.0; Win64; x64) AppleWebKit/537.36 (KHTML, like Gecko) Chrome/72.0.3626.121 Safari/537.36"
::1 - - [14/Mar/2019:23:24:57 +0000] "GET /api/getMovieInfo/2 HTTP/1.1" 304 - "http://localhost:3000/movieinfopage/2" "Mozilla/5.0 (Windows NT 10.0; Win64; x64) AppleWebKit/537.36 (KHTML, like Gecko) Chrome/72.0.3626.121 Safari/537.36"
::1 - - [14/Mar/2019:23:24:57 +0000] "GET /api/getMultipleShowDetailsById?showIds[]=1&showIds[]=2&showIds[]=3&showIds[]=4&showIds[]=5&showIds[]=6&showIds[]=7&showIds[]=8&showIds[]=9&showIds[]=10 HTTP/1.1" 304 - "http://localhost:3000/movieinfopage/2" "Mozilla/5.0 (Windows NT 10.0; Win64; x64) AppleWebKit/537.36 (KHTML, like Gecko) Chrome/72.0.3626.121 Safari/537.36"
::1 - - [14/Mar/2019:23:24:57 +0000] "GET /api/getMultipleTheatersById?theaterIds[]=1&theaterIds[]=2&theaterIds[]=3&theaterIds[]=4&theaterIds[]=5&theaterIds[]=6&theaterIds[]=7&theaterIds[]=8 HTTP/1.1" 304 - "http://localhost:3000/movieinfopage/2" "Mozilla/5.0 (Windows NT 10.0; Win64; x64) AppleWebKit/537.36 (KHTML, like Gecko) Chrome/72.0.3626.121 Safari/537.36"
::1 - - [14/Mar/2019:23:25:27 +0000] "GET /api/getMovieInfo/2 HTTP/1.1" 304 - "http://localhost:3000/movieinfopage/2" "Mozilla/5.0 (Windows NT 10.0; Win64; x64) AppleWebKit/537.36 (KHTML, like Gecko) Chrome/72.0.3626.121 Safari/537.36"
::1 - - [14/Mar/2019:23:25:28 +0000] "GET /api/getMultipleShowDetailsById?showIds[]=1&showIds[]=2&showIds[]=3&showIds[]=4&showIds[]=5&showIds[]=6&showIds[]=7&showIds[]=8&showIds[]=9&showIds[]=10 HTTP/1.1" 304 - "http://localhost:3000/movieinfopage/2" "Mozilla/5.0 (Windows NT 10.0; Win64; x64) AppleWebKit/537.36 (KHTML, like Gecko) Chrome/72.0.3626.121 Safari/537.36"
::1 - - [14/Mar/2019:23:25:28 +0000] "GET /api/getMultipleTheatersById?theaterIds[]=1&theaterIds[]=2&theaterIds[]=3&theaterIds[]=4&theaterIds[]=5&theaterIds[]=6&theaterIds[]=7&theaterIds[]=8 HTTP/1.1" 304 - "http://localhost:3000/movieinfopage/2" "Mozilla/5.0 (Windows NT 10.0; Win64; x64) AppleWebKit/537.36 (KHTML, like Gecko) Chrome/72.0.3626.121 Safari/537.36"
::1 - - [14/Mar/2019:23:27:57 +0000] "GET /api/getMovieInfo/2 HTTP/1.1" 304 - "http://localhost:3000/movieinfopage/2" "Mozilla/5.0 (Windows NT 10.0; Win64; x64) AppleWebKit/537.36 (KHTML, like Gecko) Chrome/72.0.3626.121 Safari/537.36"
::1 - - [14/Mar/2019:23:27:58 +0000] "GET /api/getMultipleShowDetailsById?showIds[]=1&showIds[]=2&showIds[]=3&showIds[]=4&showIds[]=5&showIds[]=6&showIds[]=7&showIds[]=8&showIds[]=9&showIds[]=10 HTTP/1.1" 304 - "http://localhost:3000/movieinfopage/2" "Mozilla/5.0 (Windows NT 10.0; Win64; x64) AppleWebKit/537.36 (KHTML, like Gecko) Chrome/72.0.3626.121 Safari/537.36"
::1 - - [14/Mar/2019:23:27:58 +0000] "GET /api/getMultipleTheatersById?theaterIds[]=1&theaterIds[]=2&theaterIds[]=3&theaterIds[]=4&theaterIds[]=5&theaterIds[]=6&theaterIds[]=7&theaterIds[]=8 HTTP/1.1" 304 - "http://localhost:3000/movieinfopage/2" "Mozilla/5.0 (Windows NT 10.0; Win64; x64) AppleWebKit/537.36 (KHTML, like Gecko) Chrome/72.0.3626.121 Safari/537.36"
::1 - - [14/Mar/2019:23:31:03 +0000] "GET /api/getMovieInfo/2 HTTP/1.1" 304 - "http://localhost:3000/movieinfopage/2" "Mozilla/5.0 (Windows NT 10.0; Win64; x64) AppleWebKit/537.36 (KHTML, like Gecko) Chrome/72.0.3626.121 Safari/537.36"
::1 - - [14/Mar/2019:23:31:03 +0000] "GET /api/getMultipleShowDetailsById?showIds[]=1&showIds[]=2&showIds[]=3&showIds[]=4&showIds[]=5&showIds[]=6&showIds[]=7&showIds[]=8&showIds[]=9&showIds[]=10 HTTP/1.1" 304 - "http://localhost:3000/movieinfopage/2" "Mozilla/5.0 (Windows NT 10.0; Win64; x64) AppleWebKit/537.36 (KHTML, like Gecko) Chrome/72.0.3626.121 Safari/537.36"
::1 - - [14/Mar/2019:23:31:03 +0000] "GET /api/getMultipleTheatersById?theaterIds[]=1&theaterIds[]=2&theaterIds[]=3&theaterIds[]=4&theaterIds[]=5&theaterIds[]=6&theaterIds[]=7&theaterIds[]=8 HTTP/1.1" 304 - "http://localhost:3000/movieinfopage/2" "Mozilla/5.0 (Windows NT 10.0; Win64; x64) AppleWebKit/537.36 (KHTML, like Gecko) Chrome/72.0.3626.121 Safari/537.36"
::1 - - [14/Mar/2019:23:33:46 +0000] "GET /api/getMovieInfo/2 HTTP/1.1" 304 - "http://localhost:3000/movieinfopage/2" "Mozilla/5.0 (Windows NT 10.0; Win64; x64) AppleWebKit/537.36 (KHTML, like Gecko) Chrome/72.0.3626.121 Safari/537.36"
::1 - - [14/Mar/2019:23:33:47 +0000] "GET /api/getMultipleShowDetailsById?showIds[]=1&showIds[]=2&showIds[]=3&showIds[]=4&showIds[]=5&showIds[]=6&showIds[]=7&showIds[]=8&showIds[]=9&showIds[]=10 HTTP/1.1" 304 - "http://localhost:3000/movieinfopage/2" "Mozilla/5.0 (Windows NT 10.0; Win64; x64) AppleWebKit/537.36 (KHTML, like Gecko) Chrome/72.0.3626.121 Safari/537.36"
::1 - - [14/Mar/2019:23:33:47 +0000] "GET /api/getMultipleTheatersById?theaterIds[]=1&theaterIds[]=2&theaterIds[]=3&theaterIds[]=4&theaterIds[]=5&theaterIds[]=6&theaterIds[]=7&theaterIds[]=8 HTTP/1.1" 304 - "http://localhost:3000/movieinfopage/2" "Mozilla/5.0 (Windows NT 10.0; Win64; x64) AppleWebKit/537.36 (KHTML, like Gecko) Chrome/72.0.3626.121 Safari/537.36"
::1 - - [14/Mar/2019:23:36:19 +0000] "GET /api/getMovieInfo/2 HTTP/1.1" 304 - "http://localhost:3000/movieinfopage/2" "Mozilla/5.0 (Windows NT 10.0; Win64; x64) AppleWebKit/537.36 (KHTML, like Gecko) Chrome/72.0.3626.121 Safari/537.36"
::1 - - [14/Mar/2019:23:36:20 +0000] "GET /api/getMultipleShowDetailsById?showIds[]=1&showIds[]=2&showIds[]=3&showIds[]=4&showIds[]=5&showIds[]=6&showIds[]=7&showIds[]=8&showIds[]=9&showIds[]=10 HTTP/1.1" 304 - "http://localhost:3000/movieinfopage/2" "Mozilla/5.0 (Windows NT 10.0; Win64; x64) AppleWebKit/537.36 (KHTML, like Gecko) Chrome/72.0.3626.121 Safari/537.36"
::1 - - [14/Mar/2019:23:36:20 +0000] "GET /api/getMultipleTheatersById?theaterIds[]=1&theaterIds[]=2&theaterIds[]=3&theaterIds[]=4&theaterIds[]=5&theaterIds[]=6&theaterIds[]=7&theaterIds[]=8 HTTP/1.1" 304 - "http://localhost:3000/movieinfopage/2" "Mozilla/5.0 (Windows NT 10.0; Win64; x64) AppleWebKit/537.36 (KHTML, like Gecko) Chrome/72.0.3626.121 Safari/537.36"
::1 - - [14/Mar/2019:23:36:31 +0000] "GET /api/getMovieInfo/2 HTTP/1.1" 304 - "http://localhost:3000/movieinfopage/2" "Mozilla/5.0 (Windows NT 10.0; Win64; x64) AppleWebKit/537.36 (KHTML, like Gecko) Chrome/72.0.3626.121 Safari/537.36"
::1 - - [14/Mar/2019:23:36:31 +0000] "GET /api/getMultipleShowDetailsById?showIds[]=1&showIds[]=2&showIds[]=3&showIds[]=4&showIds[]=5&showIds[]=6&showIds[]=7&showIds[]=8&showIds[]=9&showIds[]=10 HTTP/1.1" 304 - "http://localhost:3000/movieinfopage/2" "Mozilla/5.0 (Windows NT 10.0; Win64; x64) AppleWebKit/537.36 (KHTML, like Gecko) Chrome/72.0.3626.121 Safari/537.36"
::1 - - [14/Mar/2019:23:36:31 +0000] "GET /api/getMultipleTheatersById?theaterIds[]=1&theaterIds[]=2&theaterIds[]=3&theaterIds[]=4&theaterIds[]=5&theaterIds[]=6&theaterIds[]=7&theaterIds[]=8 HTTP/1.1" 304 - "http://localhost:3000/movieinfopage/2" "Mozilla/5.0 (Windows NT 10.0; Win64; x64) AppleWebKit/537.36 (KHTML, like Gecko) Chrome/72.0.3626.121 Safari/537.36"
::1 - - [14/Mar/2019:23:38:16 +0000] "GET /api/getMovieInfo/2 HTTP/1.1" 304 - "http://localhost:3000/movieinfopage/2" "Mozilla/5.0 (Windows NT 10.0; Win64; x64) AppleWebKit/537.36 (KHTML, like Gecko) Chrome/72.0.3626.121 Safari/537.36"
::1 - - [14/Mar/2019:23:38:17 +0000] "GET /api/getMultipleShowDetailsById?showIds[]=1&showIds[]=2&showIds[]=3&showIds[]=4&showIds[]=5&showIds[]=6&showIds[]=7&showIds[]=8&showIds[]=9&showIds[]=10 HTTP/1.1" 304 - "http://localhost:3000/movieinfopage/2" "Mozilla/5.0 (Windows NT 10.0; Win64; x64) AppleWebKit/537.36 (KHTML, like Gecko) Chrome/72.0.3626.121 Safari/537.36"
::1 - - [14/Mar/2019:23:38:17 +0000] "GET /api/getMultipleTheatersById?theaterIds[]=1&theaterIds[]=2&theaterIds[]=3&theaterIds[]=4&theaterIds[]=5&theaterIds[]=6&theaterIds[]=7&theaterIds[]=8 HTTP/1.1" 304 - "http://localhost:3000/movieinfopage/2" "Mozilla/5.0 (Windows NT 10.0; Win64; x64) AppleWebKit/537.36 (KHTML, like Gecko) Chrome/72.0.3626.121 Safari/537.36"
::1 - - [14/Mar/2019:23:41:20 +0000] "GET /api/getMovieInfo/2 HTTP/1.1" 304 - "http://localhost:3000/movieinfopage/2" "Mozilla/5.0 (Windows NT 10.0; Win64; x64) AppleWebKit/537.36 (KHTML, like Gecko) Chrome/72.0.3626.121 Safari/537.36"
::1 - - [14/Mar/2019:23:41:21 +0000] "GET /api/getMultipleShowDetailsById?showIds[]=1&showIds[]=2&showIds[]=3&showIds[]=4&showIds[]=5&showIds[]=6&showIds[]=7&showIds[]=8&showIds[]=9&showIds[]=10 HTTP/1.1" 304 - "http://localhost:3000/movieinfopage/2" "Mozilla/5.0 (Windows NT 10.0; Win64; x64) AppleWebKit/537.36 (KHTML, like Gecko) Chrome/72.0.3626.121 Safari/537.36"
::1 - - [14/Mar/2019:23:41:21 +0000] "GET /api/getMultipleTheatersById?theaterIds[]=1&theaterIds[]=2&theaterIds[]=3&theaterIds[]=4&theaterIds[]=5&theaterIds[]=6&theaterIds[]=7&theaterIds[]=8 HTTP/1.1" 304 - "http://localhost:3000/movieinfopage/2" "Mozilla/5.0 (Windows NT 10.0; Win64; x64) AppleWebKit/537.36 (KHTML, like Gecko) Chrome/72.0.3626.121 Safari/537.36"
::1 - - [14/Mar/2019:23:42:12 +0000] "GET /api/getMovieInfo/2 HTTP/1.1" 304 - "http://localhost:3000/movieinfopage/2" "Mozilla/5.0 (Windows NT 10.0; Win64; x64) AppleWebKit/537.36 (KHTML, like Gecko) Chrome/72.0.3626.121 Safari/537.36"
::1 - - [14/Mar/2019:23:42:12 +0000] "GET /api/getMultipleShowDetailsById?showIds[]=1&showIds[]=2&showIds[]=3&showIds[]=4&showIds[]=5&showIds[]=6&showIds[]=7&showIds[]=8&showIds[]=9&showIds[]=10 HTTP/1.1" 304 - "http://localhost:3000/movieinfopage/2" "Mozilla/5.0 (Windows NT 10.0; Win64; x64) AppleWebKit/537.36 (KHTML, like Gecko) Chrome/72.0.3626.121 Safari/537.36"
::1 - - [14/Mar/2019:23:42:12 +0000] "GET /api/getMultipleTheatersById?theaterIds[]=1&theaterIds[]=2&theaterIds[]=3&theaterIds[]=4&theaterIds[]=5&theaterIds[]=6&theaterIds[]=7&theaterIds[]=8 HTTP/1.1" 304 - "http://localhost:3000/movieinfopage/2" "Mozilla/5.0 (Windows NT 10.0; Win64; x64) AppleWebKit/537.36 (KHTML, like Gecko) Chrome/72.0.3626.121 Safari/537.36"
::1 - - [14/Mar/2019:23:43:59 +0000] "GET /api/getMovieInfo/2 HTTP/1.1" 304 - "http://localhost:3000/movieinfopage/2" "Mozilla/5.0 (Windows NT 10.0; Win64; x64) AppleWebKit/537.36 (KHTML, like Gecko) Chrome/72.0.3626.121 Safari/537.36"
::1 - - [14/Mar/2019:23:43:59 +0000] "GET /api/getMultipleShowDetailsById?showIds[]=1&showIds[]=2&showIds[]=3&showIds[]=4&showIds[]=5&showIds[]=6&showIds[]=7&showIds[]=8&showIds[]=9&showIds[]=10 HTTP/1.1" 304 - "http://localhost:3000/movieinfopage/2" "Mozilla/5.0 (Windows NT 10.0; Win64; x64) AppleWebKit/537.36 (KHTML, like Gecko) Chrome/72.0.3626.121 Safari/537.36"
::1 - - [14/Mar/2019:23:43:59 +0000] "GET /api/getMultipleTheatersById?theaterIds[]=1&theaterIds[]=2&theaterIds[]=3&theaterIds[]=4&theaterIds[]=5&theaterIds[]=6&theaterIds[]=7&theaterIds[]=8 HTTP/1.1" 304 - "http://localhost:3000/movieinfopage/2" "Mozilla/5.0 (Windows NT 10.0; Win64; x64) AppleWebKit/537.36 (KHTML, like Gecko) Chrome/72.0.3626.121 Safari/537.36"
::1 - - [14/Mar/2019:23:44:10 +0000] "GET /api/getMovieInfo/2 HTTP/1.1" 304 - "http://localhost:3000/movieinfopage/2" "Mozilla/5.0 (Windows NT 10.0; Win64; x64) AppleWebKit/537.36 (KHTML, like Gecko) Chrome/72.0.3626.121 Safari/537.36"
::1 - - [14/Mar/2019:23:44:11 +0000] "GET /api/getMultipleShowDetailsById?showIds[]=1&showIds[]=2&showIds[]=3&showIds[]=4&showIds[]=5&showIds[]=6&showIds[]=7&showIds[]=8&showIds[]=9&showIds[]=10 HTTP/1.1" 304 - "http://localhost:3000/movieinfopage/2" "Mozilla/5.0 (Windows NT 10.0; Win64; x64) AppleWebKit/537.36 (KHTML, like Gecko) Chrome/72.0.3626.121 Safari/537.36"
::1 - - [14/Mar/2019:23:44:11 +0000] "GET /api/getMultipleTheatersById?theaterIds[]=1&theaterIds[]=2&theaterIds[]=3&theaterIds[]=4&theaterIds[]=5&theaterIds[]=6&theaterIds[]=7&theaterIds[]=8 HTTP/1.1" 304 - "http://localhost:3000/movieinfopage/2" "Mozilla/5.0 (Windows NT 10.0; Win64; x64) AppleWebKit/537.36 (KHTML, like Gecko) Chrome/72.0.3626.121 Safari/537.36"
::1 - - [14/Mar/2019:23:45:11 +0000] "GET /api/getMovieInfo/2 HTTP/1.1" 304 - "http://localhost:3000/movieinfopage/2" "Mozilla/5.0 (Windows NT 10.0; Win64; x64) AppleWebKit/537.36 (KHTML, like Gecko) Chrome/72.0.3626.121 Safari/537.36"
::1 - - [14/Mar/2019:23:45:11 +0000] "GET /api/getMultipleShowDetailsById?showIds[]=1&showIds[]=2&showIds[]=3&showIds[]=4&showIds[]=5&showIds[]=6&showIds[]=7&showIds[]=8&showIds[]=9&showIds[]=10 HTTP/1.1" 304 - "http://localhost:3000/movieinfopage/2" "Mozilla/5.0 (Windows NT 10.0; Win64; x64) AppleWebKit/537.36 (KHTML, like Gecko) Chrome/72.0.3626.121 Safari/537.36"
::1 - - [14/Mar/2019:23:45:11 +0000] "GET /api/getMultipleTheatersById?theaterIds[]=1&theaterIds[]=2&theaterIds[]=3&theaterIds[]=4&theaterIds[]=5&theaterIds[]=6&theaterIds[]=7&theaterIds[]=8 HTTP/1.1" 304 - "http://localhost:3000/movieinfopage/2" "Mozilla/5.0 (Windows NT 10.0; Win64; x64) AppleWebKit/537.36 (KHTML, like Gecko) Chrome/72.0.3626.121 Safari/537.36"
::1 - - [14/Mar/2019:23:46:22 +0000] "GET /api/getMovieInfo/2 HTTP/1.1" 304 - "http://localhost:3000/movieinfopage/2" "Mozilla/5.0 (Windows NT 10.0; Win64; x64) AppleWebKit/537.36 (KHTML, like Gecko) Chrome/72.0.3626.121 Safari/537.36"
::1 - - [14/Mar/2019:23:46:22 +0000] "GET /api/getMultipleShowDetailsById?showIds[]=1&showIds[]=2&showIds[]=3&showIds[]=4&showIds[]=5&showIds[]=6&showIds[]=7&showIds[]=8&showIds[]=9&showIds[]=10 HTTP/1.1" 304 - "http://localhost:3000/movieinfopage/2" "Mozilla/5.0 (Windows NT 10.0; Win64; x64) AppleWebKit/537.36 (KHTML, like Gecko) Chrome/72.0.3626.121 Safari/537.36"
::1 - - [14/Mar/2019:23:46:22 +0000] "GET /api/getMultipleTheatersById?theaterIds[]=1&theaterIds[]=2&theaterIds[]=3&theaterIds[]=4&theaterIds[]=5&theaterIds[]=6&theaterIds[]=7&theaterIds[]=8 HTTP/1.1" 304 - "http://localhost:3000/movieinfopage/2" "Mozilla/5.0 (Windows NT 10.0; Win64; x64) AppleWebKit/537.36 (KHTML, like Gecko) Chrome/72.0.3626.121 Safari/537.36"
::1 - - [14/Mar/2019:23:47:21 +0000] "GET /api/getMovieInfo/2 HTTP/1.1" 304 - "http://localhost:3000/movieinfopage/2" "Mozilla/5.0 (Windows NT 10.0; Win64; x64) AppleWebKit/537.36 (KHTML, like Gecko) Chrome/72.0.3626.121 Safari/537.36"
::1 - - [14/Mar/2019:23:47:22 +0000] "GET /api/getMultipleShowDetailsById?showIds[]=1&showIds[]=2&showIds[]=3&showIds[]=4&showIds[]=5&showIds[]=6&showIds[]=7&showIds[]=8&showIds[]=9&showIds[]=10 HTTP/1.1" 304 - "http://localhost:3000/movieinfopage/2" "Mozilla/5.0 (Windows NT 10.0; Win64; x64) AppleWebKit/537.36 (KHTML, like Gecko) Chrome/72.0.3626.121 Safari/537.36"
::1 - - [14/Mar/2019:23:47:22 +0000] "GET /api/getMultipleTheatersById?theaterIds[]=1&theaterIds[]=2&theaterIds[]=3&theaterIds[]=4&theaterIds[]=5&theaterIds[]=6&theaterIds[]=7&theaterIds[]=8 HTTP/1.1" 304 - "http://localhost:3000/movieinfopage/2" "Mozilla/5.0 (Windows NT 10.0; Win64; x64) AppleWebKit/537.36 (KHTML, like Gecko) Chrome/72.0.3626.121 Safari/537.36"
::1 - - [14/Mar/2019:23:47:36 +0000] "GET /api/getMovieInfo/2 HTTP/1.1" 304 - "http://localhost:3000/movieinfopage/2" "Mozilla/5.0 (Windows NT 10.0; Win64; x64) AppleWebKit/537.36 (KHTML, like Gecko) Chrome/72.0.3626.121 Safari/537.36"
::1 - - [14/Mar/2019:23:47:36 +0000] "GET /api/getMultipleShowDetailsById?showIds[]=1&showIds[]=2&showIds[]=3&showIds[]=4&showIds[]=5&showIds[]=6&showIds[]=7&showIds[]=8&showIds[]=9&showIds[]=10 HTTP/1.1" 304 - "http://localhost:3000/movieinfopage/2" "Mozilla/5.0 (Windows NT 10.0; Win64; x64) AppleWebKit/537.36 (KHTML, like Gecko) Chrome/72.0.3626.121 Safari/537.36"
::1 - - [14/Mar/2019:23:47:36 +0000] "GET /api/getMultipleTheatersById?theaterIds[]=1&theaterIds[]=2&theaterIds[]=3&theaterIds[]=4&theaterIds[]=5&theaterIds[]=6&theaterIds[]=7&theaterIds[]=8 HTTP/1.1" 304 - "http://localhost:3000/movieinfopage/2" "Mozilla/5.0 (Windows NT 10.0; Win64; x64) AppleWebKit/537.36 (KHTML, like Gecko) Chrome/72.0.3626.121 Safari/537.36"
::1 - - [14/Mar/2019:23:56:59 +0000] "GET /api/getAllActiveMovieInfo HTTP/1.1" 304 - "http://localhost:3000/" "Mozilla/5.0 (Windows NT 10.0; Win64; x64) AppleWebKit/537.36 (KHTML, like Gecko) Chrome/72.0.3626.121 Safari/537.36"
::1 - - [15/Mar/2019:00:12:39 +0000] "GET /api/getMovieInfo/2 HTTP/1.1" 304 - "http://localhost:3000/movieinfopage/2" "Mozilla/5.0 (Windows NT 10.0; Win64; x64) AppleWebKit/537.36 (KHTML, like Gecko) Chrome/72.0.3626.121 Safari/537.36"
::1 - - [15/Mar/2019:00:12:39 +0000] "GET /api/getMultipleShowDetailsById HTTP/1.1" 304 - "http://localhost:3000/movieinfopage/2" "Mozilla/5.0 (Windows NT 10.0; Win64; x64) AppleWebKit/537.36 (KHTML, like Gecko) Chrome/72.0.3626.121 Safari/537.36"
::1 - - [15/Mar/2019:00:12:39 +0000] "GET /api/getMultipleTheatersById HTTP/1.1" 304 - "http://localhost:3000/movieinfopage/2" "Mozilla/5.0 (Windows NT 10.0; Win64; x64) AppleWebKit/537.36 (KHTML, like Gecko) Chrome/72.0.3626.121 Safari/537.36"
::1 - - [15/Mar/2019:00:13:33 +0000] "GET /api/getMovieInfo/2 HTTP/1.1" 304 - "http://localhost:3000/movieinfopage/2" "Mozilla/5.0 (Windows NT 10.0; Win64; x64) AppleWebKit/537.36 (KHTML, like Gecko) Chrome/72.0.3626.121 Safari/537.36"
::1 - - [15/Mar/2019:00:13:33 +0000] "GET /api/getMultipleShowDetailsById HTTP/1.1" 304 - "http://localhost:3000/movieinfopage/2" "Mozilla/5.0 (Windows NT 10.0; Win64; x64) AppleWebKit/537.36 (KHTML, like Gecko) Chrome/72.0.3626.121 Safari/537.36"
::1 - - [15/Mar/2019:00:13:33 +0000] "GET /api/getMultipleTheatersById HTTP/1.1" 304 - "http://localhost:3000/movieinfopage/2" "Mozilla/5.0 (Windows NT 10.0; Win64; x64) AppleWebKit/537.36 (KHTML, like Gecko) Chrome/72.0.3626.121 Safari/537.36"
::1 - - [15/Mar/2019:00:14:51 +0000] "GET /api/getMovieInfo/2 HTTP/1.1" 304 - "http://localhost:3000/movieinfopage/2" "Mozilla/5.0 (Windows NT 10.0; Win64; x64) AppleWebKit/537.36 (KHTML, like Gecko) Chrome/72.0.3626.121 Safari/537.36"
::1 - - [15/Mar/2019:00:14:51 +0000] "GET /api/getMultipleShowDetailsById HTTP/1.1" 304 - "http://localhost:3000/movieinfopage/2" "Mozilla/5.0 (Windows NT 10.0; Win64; x64) AppleWebKit/537.36 (KHTML, like Gecko) Chrome/72.0.3626.121 Safari/537.36"
::1 - - [15/Mar/2019:00:14:51 +0000] "GET /api/getMultipleTheatersById HTTP/1.1" 304 - "http://localhost:3000/movieinfopage/2" "Mozilla/5.0 (Windows NT 10.0; Win64; x64) AppleWebKit/537.36 (KHTML, like Gecko) Chrome/72.0.3626.121 Safari/537.36"
::1 - - [15/Mar/2019:00:16:02 +0000] "GET /api/getMovieInfo/2 HTTP/1.1" 304 - "http://localhost:3000/movieinfopage/2" "Mozilla/5.0 (Windows NT 10.0; Win64; x64) AppleWebKit/537.36 (KHTML, like Gecko) Chrome/72.0.3626.121 Safari/537.36"
::1 - - [15/Mar/2019:00:16:02 +0000] "GET /api/getMultipleShowDetailsById HTTP/1.1" 304 - "http://localhost:3000/movieinfopage/2" "Mozilla/5.0 (Windows NT 10.0; Win64; x64) AppleWebKit/537.36 (KHTML, like Gecko) Chrome/72.0.3626.121 Safari/537.36"
::1 - - [15/Mar/2019:00:16:02 +0000] "GET /api/getMultipleTheatersById HTTP/1.1" 304 - "http://localhost:3000/movieinfopage/2" "Mozilla/5.0 (Windows NT 10.0; Win64; x64) AppleWebKit/537.36 (KHTML, like Gecko) Chrome/72.0.3626.121 Safari/537.36"
::1 - - [15/Mar/2019:00:16:21 +0000] "GET /api/getMovieInfo/2 HTTP/1.1" 304 - "http://localhost:3000/movieinfopage/2" "Mozilla/5.0 (Windows NT 10.0; Win64; x64) AppleWebKit/537.36 (KHTML, like Gecko) Chrome/72.0.3626.121 Safari/537.36"
::1 - - [15/Mar/2019:00:16:21 +0000] "GET /api/getMultipleShowDetailsById HTTP/1.1" 304 - "http://localhost:3000/movieinfopage/2" "Mozilla/5.0 (Windows NT 10.0; Win64; x64) AppleWebKit/537.36 (KHTML, like Gecko) Chrome/72.0.3626.121 Safari/537.36"
::1 - - [15/Mar/2019:00:16:22 +0000] "GET /api/getMultipleTheatersById HTTP/1.1" 304 - "http://localhost:3000/movieinfopage/2" "Mozilla/5.0 (Windows NT 10.0; Win64; x64) AppleWebKit/537.36 (KHTML, like Gecko) Chrome/72.0.3626.121 Safari/537.36"
::1 - - [15/Mar/2019:00:27:05 +0000] "GET /api/getMovieInfo/2 HTTP/1.1" 304 - "http://localhost:3000/movieinfopage/2" "Mozilla/5.0 (Windows NT 10.0; Win64; x64) AppleWebKit/537.36 (KHTML, like Gecko) Chrome/72.0.3626.121 Safari/537.36"
::1 - - [15/Mar/2019:00:27:05 +0000] "GET /api/getMultipleShowDetailsById?showIds[]=1&showIds[]=2&showIds[]=3&showIds[]=4&showIds[]=5&showIds[]=6&showIds[]=7&showIds[]=8&showIds[]=9&showIds[]=10 HTTP/1.1" 304 - "http://localhost:3000/movieinfopage/2" "Mozilla/5.0 (Windows NT 10.0; Win64; x64) AppleWebKit/537.36 (KHTML, like Gecko) Chrome/72.0.3626.121 Safari/537.36"
::1 - - [15/Mar/2019:00:27:05 +0000] "GET /api/getMultipleTheatersById?theaterIds[]=1&theaterIds[]=2&theaterIds[]=3&theaterIds[]=4&theaterIds[]=5&theaterIds[]=6&theaterIds[]=7&theaterIds[]=8 HTTP/1.1" 304 - "http://localhost:3000/movieinfopage/2" "Mozilla/5.0 (Windows NT 10.0; Win64; x64) AppleWebKit/537.36 (KHTML, like Gecko) Chrome/72.0.3626.121 Safari/537.36"
::1 - - [15/Mar/2019:00:28:44 +0000] "GET /api/getMovieInfo/2 HTTP/1.1" 304 - "http://localhost:3000/movieinfopage/2" "Mozilla/5.0 (Windows NT 10.0; Win64; x64) AppleWebKit/537.36 (KHTML, like Gecko) Chrome/72.0.3626.121 Safari/537.36"
::1 - - [15/Mar/2019:00:28:44 +0000] "GET /api/getMultipleShowDetailsById?showIds[]=1&showIds[]=2&showIds[]=3&showIds[]=4&showIds[]=5&showIds[]=6&showIds[]=7&showIds[]=8&showIds[]=9&showIds[]=10 HTTP/1.1" 304 - "http://localhost:3000/movieinfopage/2" "Mozilla/5.0 (Windows NT 10.0; Win64; x64) AppleWebKit/537.36 (KHTML, like Gecko) Chrome/72.0.3626.121 Safari/537.36"
::1 - - [15/Mar/2019:00:28:44 +0000] "GET /api/getMultipleTheatersById?theaterIds[]=1&theaterIds[]=2&theaterIds[]=3&theaterIds[]=4&theaterIds[]=5&theaterIds[]=6&theaterIds[]=7&theaterIds[]=8 HTTP/1.1" 304 - "http://localhost:3000/movieinfopage/2" "Mozilla/5.0 (Windows NT 10.0; Win64; x64) AppleWebKit/537.36 (KHTML, like Gecko) Chrome/72.0.3626.121 Safari/537.36"
::1 - - [15/Mar/2019:00:30:52 +0000] "GET /api/getMovieInfo/2 HTTP/1.1" 304 - "http://localhost:3000/movieinfopage/2" "Mozilla/5.0 (Windows NT 10.0; Win64; x64) AppleWebKit/537.36 (KHTML, like Gecko) Chrome/72.0.3626.121 Safari/537.36"
::1 - - [15/Mar/2019:00:30:52 +0000] "GET /api/getMultipleShowDetailsById HTTP/1.1" 304 - "http://localhost:3000/movieinfopage/2" "Mozilla/5.0 (Windows NT 10.0; Win64; x64) AppleWebKit/537.36 (KHTML, like Gecko) Chrome/72.0.3626.121 Safari/537.36"
::1 - - [15/Mar/2019:00:30:53 +0000] "GET /api/getMultipleTheatersById HTTP/1.1" 304 - "http://localhost:3000/movieinfopage/2" "Mozilla/5.0 (Windows NT 10.0; Win64; x64) AppleWebKit/537.36 (KHTML, like Gecko) Chrome/72.0.3626.121 Safari/537.36"
::1 - - [15/Mar/2019:00:32:22 +0000] "GET /api/getMovieInfo/2 HTTP/1.1" 304 - "http://localhost:3000/movieinfopage/2" "Mozilla/5.0 (Windows NT 10.0; Win64; x64) AppleWebKit/537.36 (KHTML, like Gecko) Chrome/72.0.3626.121 Safari/537.36"
::1 - - [15/Mar/2019:00:32:22 +0000] "GET /api/getMultipleShowDetailsById?showIds[]=1&showIds[]=2&showIds[]=3&showIds[]=4&showIds[]=5&showIds[]=6&showIds[]=7&showIds[]=8&showIds[]=9&showIds[]=10 HTTP/1.1" 304 - "http://localhost:3000/movieinfopage/2" "Mozilla/5.0 (Windows NT 10.0; Win64; x64) AppleWebKit/537.36 (KHTML, like Gecko) Chrome/72.0.3626.121 Safari/537.36"
::1 - - [15/Mar/2019:00:32:22 +0000] "GET /api/getMultipleTheatersById?theaterIds[]=1&theaterIds[]=2&theaterIds[]=3&theaterIds[]=4&theaterIds[]=5&theaterIds[]=6&theaterIds[]=7&theaterIds[]=8 HTTP/1.1" 304 - "http://localhost:3000/movieinfopage/2" "Mozilla/5.0 (Windows NT 10.0; Win64; x64) AppleWebKit/537.36 (KHTML, like Gecko) Chrome/72.0.3626.121 Safari/537.36"
::1 - - [15/Mar/2019:00:32:52 +0000] "GET /api/getMovieInfo/2 HTTP/1.1" 304 - "http://localhost:3000/movieinfopage/2" "Mozilla/5.0 (Windows NT 10.0; Win64; x64) AppleWebKit/537.36 (KHTML, like Gecko) Chrome/72.0.3626.121 Safari/537.36"
::1 - - [15/Mar/2019:00:32:52 +0000] "GET /api/getMultipleShowDetailsById?showIds[]=1&showIds[]=2&showIds[]=3&showIds[]=4&showIds[]=5&showIds[]=6&showIds[]=7&showIds[]=8&showIds[]=9&showIds[]=10 HTTP/1.1" 304 - "http://localhost:3000/movieinfopage/2" "Mozilla/5.0 (Windows NT 10.0; Win64; x64) AppleWebKit/537.36 (KHTML, like Gecko) Chrome/72.0.3626.121 Safari/537.36"
::1 - - [15/Mar/2019:00:32:52 +0000] "GET /api/getMultipleTheatersById?theaterIds[]=1&theaterIds[]=2&theaterIds[]=3&theaterIds[]=4&theaterIds[]=5&theaterIds[]=6&theaterIds[]=7&theaterIds[]=8 HTTP/1.1" 304 - "http://localhost:3000/movieinfopage/2" "Mozilla/5.0 (Windows NT 10.0; Win64; x64) AppleWebKit/537.36 (KHTML, like Gecko) Chrome/72.0.3626.121 Safari/537.36"
::1 - - [15/Mar/2019:00:34:51 +0000] "GET /api/getMovieInfo/2 HTTP/1.1" 304 - "http://localhost:3000/movieinfopage/2" "Mozilla/5.0 (Windows NT 10.0; Win64; x64) AppleWebKit/537.36 (KHTML, like Gecko) Chrome/72.0.3626.121 Safari/537.36"
::1 - - [15/Mar/2019:00:34:51 +0000] "GET /api/getMultipleShowDetailsById HTTP/1.1" 304 - "http://localhost:3000/movieinfopage/2" "Mozilla/5.0 (Windows NT 10.0; Win64; x64) AppleWebKit/537.36 (KHTML, like Gecko) Chrome/72.0.3626.121 Safari/537.36"
::1 - - [15/Mar/2019:00:34:51 +0000] "GET /api/getMultipleTheatersById HTTP/1.1" 304 - "http://localhost:3000/movieinfopage/2" "Mozilla/5.0 (Windows NT 10.0; Win64; x64) AppleWebKit/537.36 (KHTML, like Gecko) Chrome/72.0.3626.121 Safari/537.36"
::1 - - [15/Mar/2019:00:35:17 +0000] "GET /api/getMovieInfo/2 HTTP/1.1" 304 - "http://localhost:3000/movieinfopage/2" "Mozilla/5.0 (Windows NT 10.0; Win64; x64) AppleWebKit/537.36 (KHTML, like Gecko) Chrome/72.0.3626.121 Safari/537.36"
::1 - - [15/Mar/2019:00:35:17 +0000] "GET /api/getMultipleShowDetailsById HTTP/1.1" 304 - "http://localhost:3000/movieinfopage/2" "Mozilla/5.0 (Windows NT 10.0; Win64; x64) AppleWebKit/537.36 (KHTML, like Gecko) Chrome/72.0.3626.121 Safari/537.36"
::1 - - [15/Mar/2019:00:35:17 +0000] "GET /api/getMultipleTheatersById HTTP/1.1" 304 - "http://localhost:3000/movieinfopage/2" "Mozilla/5.0 (Windows NT 10.0; Win64; x64) AppleWebKit/537.36 (KHTML, like Gecko) Chrome/72.0.3626.121 Safari/537.36"
::1 - - [15/Mar/2019:00:35:53 +0000] "GET /api/getMovieInfo/2 HTTP/1.1" 304 - "http://localhost:3000/movieinfopage/2" "Mozilla/5.0 (Windows NT 10.0; Win64; x64) AppleWebKit/537.36 (KHTML, like Gecko) Chrome/72.0.3626.121 Safari/537.36"
::1 - - [15/Mar/2019:00:35:53 +0000] "GET /api/getMultipleShowDetailsById HTTP/1.1" 304 - "http://localhost:3000/movieinfopage/2" "Mozilla/5.0 (Windows NT 10.0; Win64; x64) AppleWebKit/537.36 (KHTML, like Gecko) Chrome/72.0.3626.121 Safari/537.36"
::1 - - [15/Mar/2019:00:35:53 +0000] "GET /api/getMultipleTheatersById HTTP/1.1" 304 - "http://localhost:3000/movieinfopage/2" "Mozilla/5.0 (Windows NT 10.0; Win64; x64) AppleWebKit/537.36 (KHTML, like Gecko) Chrome/72.0.3626.121 Safari/537.36"
::1 - - [15/Mar/2019:00:37:33 +0000] "GET /api/getMovieInfo/2 HTTP/1.1" 304 - "http://localhost:3000/movieinfopage/2" "Mozilla/5.0 (Windows NT 10.0; Win64; x64) AppleWebKit/537.36 (KHTML, like Gecko) Chrome/72.0.3626.121 Safari/537.36"
::1 - - [15/Mar/2019:00:37:34 +0000] "GET /api/getMultipleShowDetailsById HTTP/1.1" 304 - "http://localhost:3000/movieinfopage/2" "Mozilla/5.0 (Windows NT 10.0; Win64; x64) AppleWebKit/537.36 (KHTML, like Gecko) Chrome/72.0.3626.121 Safari/537.36"
::1 - - [15/Mar/2019:00:37:34 +0000] "GET /api/getMultipleTheatersById HTTP/1.1" 304 - "http://localhost:3000/movieinfopage/2" "Mozilla/5.0 (Windows NT 10.0; Win64; x64) AppleWebKit/537.36 (KHTML, like Gecko) Chrome/72.0.3626.121 Safari/537.36"
::1 - - [15/Mar/2019:00:46:47 +0000] "GET /api/getMovieInfo/2 HTTP/1.1" 304 - "http://localhost:3000/movieinfopage/2" "Mozilla/5.0 (Windows NT 10.0; Win64; x64) AppleWebKit/537.36 (KHTML, like Gecko) Chrome/72.0.3626.121 Safari/537.36"
::1 - - [15/Mar/2019:00:46:47 +0000] "GET /api/getMultipleShowDetailsById HTTP/1.1" 304 - "http://localhost:3000/movieinfopage/2" "Mozilla/5.0 (Windows NT 10.0; Win64; x64) AppleWebKit/537.36 (KHTML, like Gecko) Chrome/72.0.3626.121 Safari/537.36"
::1 - - [15/Mar/2019:00:46:47 +0000] "GET /api/getMultipleTheatersById HTTP/1.1" 304 - "http://localhost:3000/movieinfopage/2" "Mozilla/5.0 (Windows NT 10.0; Win64; x64) AppleWebKit/537.36 (KHTML, like Gecko) Chrome/72.0.3626.121 Safari/537.36"
::1 - - [15/Mar/2019:00:47:43 +0000] "GET /api/getMovieInfo/2 HTTP/1.1" 304 - "http://localhost:3000/movieinfopage/2" "Mozilla/5.0 (Windows NT 10.0; Win64; x64) AppleWebKit/537.36 (KHTML, like Gecko) Chrome/72.0.3626.121 Safari/537.36"
::1 - - [15/Mar/2019:00:47:55 +0000] "GET /api/getMovieInfo/2 HTTP/1.1" 304 - "http://localhost:3000/movieinfopage/2" "Mozilla/5.0 (Windows NT 10.0; Win64; x64) AppleWebKit/537.36 (KHTML, like Gecko) Chrome/72.0.3626.121 Safari/537.36"
::1 - - [15/Mar/2019:00:47:55 +0000] "GET /api/getMultipleShowDetailsById HTTP/1.1" 304 - "http://localhost:3000/movieinfopage/2" "Mozilla/5.0 (Windows NT 10.0; Win64; x64) AppleWebKit/537.36 (KHTML, like Gecko) Chrome/72.0.3626.121 Safari/537.36"
::1 - - [15/Mar/2019:00:47:55 +0000] "GET /api/getMultipleTheatersById HTTP/1.1" 304 - "http://localhost:3000/movieinfopage/2" "Mozilla/5.0 (Windows NT 10.0; Win64; x64) AppleWebKit/537.36 (KHTML, like Gecko) Chrome/72.0.3626.121 Safari/537.36"
